2023-10-25 00:40:11 DEBUG TelegramBot:22 - fd
2023-10-25 00:44:47 DEBUG TelegramBot:23 - gdf
2023-10-25 00:52:18 DEBUG TelegramBot:33 - fds
2023-10-25 00:52:18 ERROR TelegramBot:46 - org.telegram.telegrambots.meta.exceptions.TelegramApiRequestException: Unable to deserialize response
2023-10-25 21:19:16 DEBUG TelegramBot:33 - sdf
2023-10-25 21:19:16 ERROR TelegramBot:46 - org.telegram.telegrambots.meta.exceptions.TelegramApiRequestException: Unable to deserialize response
2023-10-25 23:44:26 DEBUG UpdateProducerImpl:14 - mml
2023-10-27 23:09:05 DEBUG UpdateProducerImpl:22 - hello
2023-10-28 22:57:53 DEBUG UpdateProducerImpl:22 - brake
2023-10-28 22:59:14 DEBUG UpdateProducerImpl:22 - node
2023-10-28 22:59:51 DEBUG UpdateProducerImpl:22 - fefe
2023-10-28 23:00:31 DEBUG UpdateProducerImpl:22 - gfd
2023-10-28 23:04:28 DEBUG UpdateProducerImpl:22 - fs
2023-10-28 23:07:07 DEBUG UpdateProducerImpl:22 - fb
2023-10-28 23:12:03 DEBUG UpdateProducerImpl:22 - gr
2023-10-28 23:12:51 DEBUG UpdateProducerImpl:22 - gh
2023-10-28 23:12:56 DEBUG UpdateProducerImpl:22 - hgf
2023-10-28 23:13:05 DEBUG UpdateProducerImpl:22 - hg
2023-10-28 23:19:57 DEBUG UpdateProducerImpl:22 - rft
2023-10-28 23:44:52 DEBUG UpdateProducerImpl:22 - кп
2023-10-28 23:47:19 DEBUG UpdateProducerImpl:22 - кпек
2023-10-28 23:59:33 DEBUG UpdateProducerImpl:22 - tgy
2023-10-29 00:08:39 DEBUG UpdateProducerImpl:22 - 5y6ey
2023-10-29 00:14:58 DEBUG UpdateProducerImpl:22 - bnfgh
2023-10-29 00:16:58 DEBUG UpdateProducerImpl:22 - ghjytgygt
2023-10-29 00:29:31 DEBUG UpdateProducerImpl:22 - fsd
2023-10-29 00:29:50 DEBUG UpdateProducerImpl:22 - gd
2023-10-29 00:30:20 DEBUG UpdateProducerImpl:22 - sdac
2023-10-29 00:34:50 DEBUG UpdateProducerImpl:22 - j
2023-10-29 12:02:19 DEBUG UpdateProducerImpl:22 - ghf
2023-10-29 12:24:58 DEBUG UpdateProducerImpl:22 - erf
2023-10-29 12:25:31 DEBUG UpdateProducerImpl:22 - gdfhgfhgf
2023-10-29 12:26:55 DEBUG UpdateProducerImpl:22 - 
2023-10-29 12:27:08 DEBUG UpdateProducerImpl:22 - thrh
2023-10-29 12:33:45 DEBUG UpdateProducerImpl:22 - апр
2023-10-29 12:34:14 DEBUG UpdateProducerImpl:22 - вав
2023-10-29 13:22:57 DEBUG UpdateProducerImpl:22 - еукеуке
2023-10-29 13:59:50 DEBUG UpdateProducerImpl:22 - werfwerwe4
2023-10-29 18:14:49 DEBUG UpdateProducerImpl:22 - привет
2023-10-29 19:13:56 DEBUG UpdateProducerImpl:22 - ddddddddddd
2023-10-29 19:17:01 DEBUG UpdateProducerImpl:22 - reftgerg
2023-10-29 20:55:29 DEBUG UpdateProducerImpl:22 - drfg
2023-10-29 22:41:11 ERROR UpdateController:36 - Recive unsopperted message type Update(updateId=131900358, message=null, inlineQuery=null, chosenInlineQuery=null, callbackQuery=null, editedMessage=null, channelPost=null, editedChannelPost=null, shippingQuery=null, preCheckoutQuery=null, poll=null, pollAnswer=null, myChatMember=ChatMemberUpdated(chat=Chat(id=1009009148, type=private, title=null, firstName=Alexey, lastName=Shvecov, userName=svc_alexey, photo=null, description=null, inviteLink=null, pinnedMessage=null, stickerSetName=null, canSetStickerSet=null, permissions=null, slowModeDelay=null, bio=null, linkedChatId=null, location=null, messageAutoDeleteTime=null, hasPrivateForwards=null, HasProtectedContent=null, joinToSendMessages=null, joinByRequest=null), from=User(id=1009009148, firstName=Alexey, isBot=false, lastName=Shvecov, userName=svc_alexey, languageCode=ru, canJoinGroups=null, canReadAllGroupMessages=null, supportInlineQueries=null, isPremium=null, addedToAttachmentMenu=null), date=1698608472, oldChatMember=ChatMemberMember(status=member, user=User(id=6833519780, firstName=JavaBotFirstStart, isBot=true, lastName=null, userName=JavaFirstStartBot, languageCode=null, canJoinGroups=null, canReadAllGroupMessages=null, supportInlineQueries=null, isPremium=null, addedToAttachmentMenu=null)), newChatMember=ChatMemberBanned(status=kicked, user=User(id=6833519780, firstName=JavaBotFirstStart, isBot=true, lastName=null, userName=JavaFirstStartBot, languageCode=null, canJoinGroups=null, canReadAllGroupMessages=null, supportInlineQueries=null, isPremium=null, addedToAttachmentMenu=null), untilDate=0), inviteLink=null), chatMember=null, chatJoinRequest=null)
2023-10-29 22:41:14 ERROR UpdateController:36 - Recive unsopperted message type Update(updateId=131900359, message=null, inlineQuery=null, chosenInlineQuery=null, callbackQuery=null, editedMessage=null, channelPost=null, editedChannelPost=null, shippingQuery=null, preCheckoutQuery=null, poll=null, pollAnswer=null, myChatMember=ChatMemberUpdated(chat=Chat(id=1009009148, type=private, title=null, firstName=Alexey, lastName=Shvecov, userName=svc_alexey, photo=null, description=null, inviteLink=null, pinnedMessage=null, stickerSetName=null, canSetStickerSet=null, permissions=null, slowModeDelay=null, bio=null, linkedChatId=null, location=null, messageAutoDeleteTime=null, hasPrivateForwards=null, HasProtectedContent=null, joinToSendMessages=null, joinByRequest=null), from=User(id=1009009148, firstName=Alexey, isBot=false, lastName=Shvecov, userName=svc_alexey, languageCode=ru, canJoinGroups=null, canReadAllGroupMessages=null, supportInlineQueries=null, isPremium=null, addedToAttachmentMenu=null), date=1698608475, oldChatMember=ChatMemberBanned(status=kicked, user=User(id=6833519780, firstName=JavaBotFirstStart, isBot=true, lastName=null, userName=JavaFirstStartBot, languageCode=null, canJoinGroups=null, canReadAllGroupMessages=null, supportInlineQueries=null, isPremium=null, addedToAttachmentMenu=null), untilDate=0), newChatMember=ChatMemberMember(status=member, user=User(id=6833519780, firstName=JavaBotFirstStart, isBot=true, lastName=null, userName=JavaFirstStartBot, languageCode=null, canJoinGroups=null, canReadAllGroupMessages=null, supportInlineQueries=null, isPremium=null, addedToAttachmentMenu=null)), inviteLink=null), chatMember=null, chatJoinRequest=null)
2023-10-29 22:41:14 DEBUG UpdateProducerImpl:22 - /start
2023-10-29 22:41:17 DEBUG UpdateProducerImpl:22 - /help
2023-10-29 22:41:30 DEBUG UpdateProducerImpl:22 - /registration
2023-10-29 22:41:32 DEBUG UpdateProducerImpl:22 - /cancel
2023-10-29 22:41:40 DEBUG UpdateProducerImpl:22 - /cds
2023-10-29 22:42:10 DEBUG UpdateProducerImpl:22 - /gg
2023-10-29 22:44:14 DEBUG UpdateProducerImpl:22 - /jh
2023-10-29 22:44:38 DEBUG UpdateProducerImpl:22 - 
