2023-10-29 19:13:56 DEBUG ConsumerServiceImpl:25 - NODE: Text message is recived
2023-10-29 19:17:01 DEBUG ConsumerServiceImpl:25 - NODE: Text message is recived
2023-10-29 20:55:29 DEBUG ConsumerServiceImpl:25 - NODE: Text message is recived
2023-10-29 22:41:14 DEBUG ConsumerServiceImpl:25 - NODE: Text message is recived
2023-10-29 22:41:17 DEBUG ConsumerServiceImpl:25 - NODE: Text message is recived
2023-10-29 22:41:30 DEBUG ConsumerServiceImpl:25 - NODE: Text message is recived
2023-10-29 22:41:32 DEBUG ConsumerServiceImpl:25 - NODE: Text message is recived
2023-10-29 22:41:40 DEBUG ConsumerServiceImpl:25 - NODE: Text message is recived
2023-10-29 22:42:10 DEBUG ConsumerServiceImpl:25 - NODE: Text message is recived
2023-10-29 22:44:14 DEBUG ConsumerServiceImpl:25 - NODE: Text message is recived
2023-10-29 22:44:38 DEBUG ConsumerServiceImpl:39 - NODE: Text message is recived
2023-10-30 23:18:58 DEBUG ConsumerServiceImpl:32 - NODE: Text message is recived
2023-10-30 23:18:59 ERROR MainServiceImpl:79 - ru.tgfirstbot.exeptions.UploadFileExeption: https://api.telegram/org/file/bot6833519780:AAFR-ERwU631mCMZU2qiK5NIcLJ_z66oN70/{filePath}
2023-10-30 23:19:18 DEBUG ConsumerServiceImpl:32 - NODE: Text message is recived
2023-10-30 23:19:19 ERROR MainServiceImpl:79 - ru.tgfirstbot.exeptions.UploadFileExeption: https://api.telegram/org/file/bot6833519780:AAFR-ERwU631mCMZU2qiK5NIcLJ_z66oN70/{filePath}
2023-10-30 23:22:23 DEBUG ConsumerServiceImpl:32 - NODE: Text message is recived
2023-10-30 23:22:57 ERROR MainServiceImpl:79 - ru.tgfirstbot.exeptions.UploadFileExeption: https://api.telegram/org/file/bot6833519780:AAFR-ERwU631mCMZU2qiK5NIcLJ_z66oN70/{filePath}
2023-10-30 23:23:12 DEBUG ConsumerServiceImpl:32 - NODE: Text message is recived
2023-10-30 23:25:49 ERROR MainServiceImpl:79 - ru.tgfirstbot.exeptions.UploadFileExeption: https://api.telegram/org/file/bot6833519780:AAFR-ERwU631mCMZU2qiK5NIcLJ_z66oN70/{filePath}
2023-10-30 23:26:11 DEBUG ConsumerServiceImpl:32 - NODE: Text message is recived
2023-10-30 23:26:16 ERROR MainServiceImpl:79 - ru.tgfirstbot.exeptions.UploadFileExeption: https://api.telegram/org/file/bot6833519780:AAFR-ERwU631mCMZU2qiK5NIcLJ_z66oN70/documents/file_4.docx
2023-10-30 23:26:37 DEBUG ConsumerServiceImpl:32 - NODE: Text message is recived
2023-10-30 23:29:00 ERROR MainServiceImpl:79 - ru.tgfirstbot.exeptions.UploadFileExeption: https://api.telegram/org/file/bot6833519780:AAFR-ERwU631mCMZU2qiK5NIcLJ_z66oN70/documents/file_5.docx
2023-10-30 23:29:44 DEBUG ConsumerServiceImpl:32 - NODE: Text message is recived
2023-10-30 23:29:46 ERROR MainServiceImpl:79 - ru.tgfirstbot.exeptions.UploadFileExeption: https://api.telegram/org/file/bot6833519780:AAFR-ERwU631mCMZU2qiK5NIcLJ_z66oN70/documents/file_6.txt
2023-10-30 23:29:54 DEBUG ConsumerServiceImpl:32 - NODE: Text message is recived
2023-10-30 23:32:14 ERROR MainServiceImpl:79 - ru.tgfirstbot.exeptions.UploadFileExeption: https://api.telegram/org/file/bot6833519780:AAFR-ERwU631mCMZU2qiK5NIcLJ_z66oN70/documents/file_7.txt
2023-10-30 23:32:39 DEBUG ConsumerServiceImpl:32 - NODE: Text message is recived
2023-10-30 23:36:20 ERROR MainServiceImpl:79 - ru.tgfirstbot.exeptions.UploadFileExeption: https://api.telegram/org/file/bot6833519780:AAFR-ERwU631mCMZU2qiK5NIcLJ_z66oN70/documents/file_8.txt
2023-10-30 23:36:20 DEBUG ConsumerServiceImpl:32 - NODE: Text message is recived
2023-10-30 23:36:23 ERROR MainServiceImpl:79 - ru.tgfirstbot.exeptions.UploadFileExeption: https://api.telegram/org/file/bot6833519780:AAFR-ERwU631mCMZU2qiK5NIcLJ_z66oN70/documents/file_8.txt
2023-10-30 23:36:35 DEBUG ConsumerServiceImpl:32 - NODE: Text message is recived
2023-10-30 23:51:51 ERROR MainServiceImpl:79 - ru.tgfirstbot.exeptions.UploadFileExeption: https://api.telegram/org/file/bot6833519780:AAFR-ERwU631mCMZU2qiK5NIcLJ_z66oN70/documents/file_9.txt
2023-10-30 23:51:51 DEBUG ConsumerServiceImpl:32 - NODE: Text message is recived
2023-10-30 23:53:28 ERROR MainServiceImpl:79 - ru.tgfirstbot.exeptions.UploadFileExeption: https://api.telegram/org/file/bot6833519780:AAFR-ERwU631mCMZU2qiK5NIcLJ_z66oN70/documents/file_9.txt
2023-10-30 23:53:28 DEBUG ConsumerServiceImpl:32 - NODE: Text message is recived
2023-10-30 23:53:29 ERROR MainServiceImpl:79 - ru.tgfirstbot.exeptions.UploadFileExeption: https://api.telegram/org/file/bot6833519780:AAFR-ERwU631mCMZU2qiK5NIcLJ_z66oN70/documents/file_10.txt
2023-10-30 23:53:49 DEBUG ConsumerServiceImpl:32 - NODE: Text message is recived
2023-10-30 23:55:57 DEBUG ConsumerServiceImpl:32 - NODE: Text message is recived
2023-10-30 23:57:06 DEBUG ConsumerServiceImpl:32 - NODE: Text message is recived
2023-11-04 22:16:34 DEBUG ConsumerServiceImpl:39 - NODE: Text message is recived
2023-11-09 23:08:26 DEBUG ConsumerServiceImpl:25 - NODE: Text message is recived
2023-11-09 23:08:29 DEBUG ConsumerServiceImpl:25 - NODE: Text message is recived
2023-11-09 23:08:33 DEBUG ConsumerServiceImpl:25 - NODE: Text message is recived
2023-11-09 23:08:35 DEBUG ConsumerServiceImpl:25 - NODE: Text message is recived
2023-11-09 23:08:41 DEBUG ConsumerServiceImpl:25 - NODE: Text message is recived
2023-11-09 23:08:46 DEBUG ConsumerServiceImpl:25 - NODE: Text message is recived
2023-11-09 23:09:15 DEBUG ConsumerServiceImpl:39 - NODE: Text message is recived
2023-11-09 23:09:29 DEBUG ConsumerServiceImpl:32 - NODE: Text message is recived
2023-11-09 23:10:14 DEBUG ConsumerServiceImpl:32 - NODE: Text message is recived
2023-11-09 23:10:45 DEBUG ConsumerServiceImpl:39 - NODE: Text message is recived
2023-11-09 23:13:34 DEBUG ConsumerServiceImpl:32 - NODE: Text message is recived
2023-11-09 23:55:35 DEBUG ConsumerServiceImpl:39 - NODE: Text message is recived
2023-11-09 23:58:25 DEBUG ConsumerServiceImpl:39 - NODE: Text message is recived
2023-11-09 23:58:42 DEBUG ConsumerServiceImpl:32 - NODE: Text message is recived
2023-11-11 22:47:55 DEBUG ConsumerServiceImpl:39 - NODE: Text message is recived
2023-11-11 22:48:12 DEBUG ConsumerServiceImpl:25 - NODE: Text message is recived
2023-11-11 22:48:18 DEBUG ConsumerServiceImpl:25 - NODE: Text message is recived
2023-11-11 22:48:27 DEBUG ConsumerServiceImpl:25 - NODE: Text message is recived
2023-11-11 22:48:41 DEBUG ConsumerServiceImpl:25 - NODE: Text message is recived
2023-11-11 22:48:41 DEBUG ConsumerServiceImpl:25 - NODE: Text message is recived
2023-11-11 22:48:56 DEBUG ConsumerServiceImpl:25 - NODE: Text message is recived
2023-11-11 22:49:00 DEBUG ConsumerServiceImpl:25 - NODE: Text message is recived
2023-11-11 22:49:02 DEBUG ConsumerServiceImpl:25 - NODE: Text message is recived
2023-11-11 22:49:03 DEBUG ConsumerServiceImpl:25 - NODE: Text message is recived
2023-11-11 22:50:07 DEBUG ConsumerServiceImpl:25 - NODE: Text message is recived
2023-11-11 22:50:10 DEBUG ConsumerServiceImpl:25 - NODE: Text message is recived
2023-11-11 22:50:12 DEBUG ConsumerServiceImpl:25 - NODE: Text message is recived
2023-11-11 22:50:53 DEBUG ConsumerServiceImpl:25 - NODE: Text message is recived
2023-11-11 22:51:01 DEBUG ConsumerServiceImpl:39 - NODE: Text message is recived
2023-11-11 22:51:07 DEBUG ConsumerServiceImpl:25 - NODE: Text message is recived
2023-11-11 22:51:10 DEBUG ConsumerServiceImpl:25 - NODE: Text message is recived
2023-11-11 22:51:14 DEBUG ConsumerServiceImpl:25 - NODE: Text message is recived
2023-11-11 22:51:14 DEBUG ConsumerServiceImpl:25 - NODE: Text message is recived
2023-11-11 22:52:24 DEBUG ConsumerServiceImpl:25 - NODE: Text message is recived
2023-11-11 22:52:28 DEBUG ConsumerServiceImpl:25 - NODE: Text message is recived
2023-11-11 23:00:58 DEBUG ConsumerServiceImpl:25 - NODE: Text message is recived
2023-11-11 23:01:37 DEBUG ConsumerServiceImpl:25 - NODE: Text message is recived
2023-11-11 23:02:37 DEBUG ConsumerServiceImpl:25 - NODE: Text message is recived
2023-11-11 23:03:55 DEBUG ConsumerServiceImpl:25 - NODE: Text message is recived
2023-11-11 23:06:33 DEBUG ConsumerServiceImpl:25 - NODE: Text message is recived
2023-11-11 23:11:12 DEBUG ConsumerServiceImpl:25 - NODE: Text message is recived
2023-11-11 23:11:24 DEBUG ConsumerServiceImpl:25 - NODE: Text message is recived
2023-11-11 23:11:49 DEBUG ConsumerServiceImpl:25 - NODE: Text message is recived
2023-11-11 23:12:05 DEBUG ConsumerServiceImpl:25 - NODE: Text message is recived
2023-11-11 23:12:13 DEBUG ConsumerServiceImpl:25 - NODE: Text message is recived
2023-11-11 23:15:07 DEBUG ConsumerServiceImpl:25 - NODE: Text message is recived
2023-11-11 23:17:08 DEBUG ConsumerServiceImpl:25 - NODE: Text message is recived
2023-11-11 23:17:35 DEBUG ConsumerServiceImpl:25 - NODE: Text message is recived
2023-11-11 23:17:44 DEBUG ConsumerServiceImpl:25 - NODE: Text message is recived
2023-11-11 23:18:41 DEBUG ConsumerServiceImpl:25 - NODE: Text message is recived
2023-11-11 23:18:59 DEBUG ConsumerServiceImpl:39 - NODE: Text message is recived
2023-11-12 16:40:45 DEBUG ConsumerServiceImpl:25 - NODE: Text message is recived
2023-11-12 16:40:45 DEBUG ConsumerServiceImpl:25 - NODE: Text message is recived
2023-11-12 16:42:48 DEBUG ConsumerServiceImpl:39 - NODE: Text message is recived
2023-11-12 16:43:11 DEBUG ConsumerServiceImpl:32 - NODE: Text message is recived
2023-11-12 19:12:36 DEBUG ConsumerServiceImpl:32 - NODE: Text message is recived
2023-11-12 21:53:23 DEBUG ConsumerServiceImpl:21 - NODE: Text message is received
2023-11-12 21:53:27 DEBUG ConsumerServiceImpl:21 - NODE: Text message is received
2023-11-12 21:53:29 DEBUG ConsumerServiceImpl:21 - NODE: Text message is received
2023-11-12 21:53:37 DEBUG ConsumerServiceImpl:35 - NODE: Text message is received
2023-11-12 21:53:53 DEBUG ConsumerServiceImpl:28 - NODE: Text message is received
